300 30000.00 47.82862
301 30100.00 49.17652
302 30200.00 50.48132
303 30300.00 51.74259
304 30400.00 52.95989
305 30500.00 54.13281
306 30600.00 55.26093
307 30700.00 56.34388
308 30800.00 57.38125
309 30900.00 58.37268
310 31000.00 59.31778
311 31100.00 60.21618
312 31200.00 61.06750
313 31300.00 61.87138
314 31400.00 62.62744
315 31500.00 63.33530
316 31600.00 63.99458
317 31700.00 64.60490
318 31800.00 65.16587
319 31900.00 65.67710
320 32000.00 66.13818
321 32100.00 66.54871
322 32200.00 66.90826
323 32300.00 67.21641
324 32400.00 67.47272
325 32500.00 67.67675
326 32600.00 67.82804
327 32700.00 67.92612
328 32800.00 67.97050
329 32900.00 67.96070
330 33000.00 67.89621
331 33100.00 67.77651
332 33200.00 67.60106
333 33300.00 67.36931
334 33400.00 67.08072
335 33500.00 66.73469
336 33600.00 66.33064
337 33700.00 65.86797
338 33800.00 65.34605
339 33900.00 64.76425
340 34000.00 64.12192
341 34100.00 63.41841
342 34200.00 62.65304
343 34300.00 61.82513
344 34400.00 60.93397
345 34500.00 59.97887
346 34600.00 58.95913
347 34700.00 57.87401
348 34800.00 56.72282
349 34900.00 55.50484
350 35000.00 54.21936
351 35100.00 52.86569
352 35200.00 51.44316
353 35300.00 49.95113
354 35400.00 48.38899
355 35500.00 46.75617
356 35600.00 45.05217
357 35700.00 43.27657
358 35800.00 41.42905
359 35900.00 39.50938
360 36000.00 37.51750
361 36100.00 35.45353
362 36200.00 33.31778
363 36300.00 31.11083
364 36400.00 28.83358
365 36500.00 26.48729
366 36600.00 24.07365
367 36700.00 21.59491
368 36800.00 19.05393
369 36900.00 16.45430
370 37000.00 13.80051
371 37100.00 11.09805
372 37200.00 8.35360
373 37300.00 5.57522
374 37400.00 2.77253
375 37500.00 -0.04309
376 37600.00 -2.85832
377 37700.00 -5.65770
378 37800.00 -8.42355
379 37900.00 -11.13591
380 38000.00 -13.77261
381 38100.00 -16.30957
382 38200.00 -18.72117
383 38300.00 -20.98094
384 38400.00 -23.06244
385 38500.00 -24.94034
386 38600.00 -26.59156
387 38700.00 -27.99650
388 38800.00 -29.13998
389 38900.00 -30.01207
390 39000.00 -30.60843
391 39100.00 -30.93026
392 39200.00 -30.98390
393 39300.00 -30.78010
394 39400.00 -30.33313
395 39500.00 -29.65978
396 39600.00 -28.77847
397 39700.00 -27.70837
398 39800.00 -26.46875
399 39900.00 -25.07844
400 40000.00 -23.55544
401 40100.00 -21.91670
402 40200.00 -20.17795
403 40300.00 -18.35364
404 40400.00 -16.45696
405 40500.00 -14.49987
406 40600.00 -12.49314
407 40700.00 -10.44647
408 40800.00 -8.36855
409 40900.00 -6.26715
410 41000.00 -4.14923
411 41100.00 -2.02100
412 41200.00 0.11199
413 41300.00 2.24477
414 41400.00 4.37292
415 41500.00 6.49247
416 41600.00 8.59987
417 41700.00 10.69195
418 41800.00 12.76584
419 41900.00 14.81900
420 42000.00 16.84910
421 42100.00 18.85409
422 42200.00 20.83208
423 42300.00 22.78138
424 42400.00 24.70045
425 42500.00 26.58790
426 42600.00 28.44247
427 42700.00 30.26300
428 42800.00 32.04844
429 42900.00 33.79781
430 43000.00 35.51022
431 43100.00 37.18487
432 43200.00 38.82098
433 43300.00 40.41785
434 43400.00 41.97484
435 43500.00 43.49132
436 43600.00 44.96673
437 43700.00 46.40052
438 43800.00 47.79218
439 43900.00 49.14122
440 44000.00 50.44718
441 44100.00 51.70961
442 44200.00 52.92808
443 44300.00 54.10218
444 44400.00 55.23151
445 44500.00 56.31566
446 44600.00 57.35425
447 44700.00 58.34691
448 44800.00 59.29324
449 44900.00 60.19289
450 45000.00 61.04547
451 45100.00 61.85062
452 45200.00 62.60795
453 45300.00 63.31709
454 45400.00 63.97767
455 45500.00 64.58930
456 45600.00 65.15159
457 45700.00 65.66415
458 45800.00 66.12657
459 45900.00 66.53844
460 46000.00 66.89936
461 46100.00 67.20888
462 46200.00 67.46658
463 46300.00 67.67200
464 46400.00 67.82470
465 46500.00 67.92420
466 46600.00 67.97002
467 46700.00 67.96167
468 46800.00 67.89864
469 46900.00 67.78041
470 47000.00 67.60645
471 47100.00 67.37621
472 47200.00 67.08914
473 47300.00 66.74464
474 47400.00 66.34215
475 47500.00 65.88104
476 47600.00 65.36070
477 47700.00 64.78051
478 47800.00 64.13980
479 47900.00 63.43792
480 48000.00 62.67421
481 48100.00 61.84796
482 48200.00 60.95850
483 48300.00 60.00511
484 48400.00 58.98709
485 48500.00 57.90373
486 48600.00 56.75430
487 48700.00 55.53811
488 48800.00 54.25443
489 48900.00 52.90259
490 49000.00 51.48190
491 49100.00 49.99173
492 49200.00 48.43145
493 49300.00 46.80052
494 49400.00 45.09842
495 49500.00 43.32473
496 49600.00 41.47912
497 49700.00 39.56138
498 49800.00 37.57142
499 49900.00 35.50936
500 50000.00 33.37552
501 50100.00 31.17045
502 50200.00 28.89506
503 50300.00 26.55058
504 50400.00 24.13871
505 50500.00 21.66167
506 50600.00 19.12230
507 50700.00 16.52417
508 50800.00 13.87176
509 50900.00 11.17051
510 51000.00 8.42708
511 51100.00 5.64949
512 51200.00 2.84731
513 51300.00 0.03186
514 51400.00 -2.78357
515 51500.00 -5.58359
516 51600.00 -8.35058
517 51700.00 -11.06463
518 51800.00 -13.70366
519 51900.00 -16.24359
520 52000.00 -18.65887
521 52100.00 -20.92302
522 52200.00 -23.00960
523 52300.00 -24.89323
524 52400.00 -26.55075
525 52500.00 -27.96245
526 52600.00 -29.11304
527 52700.00 -29.99244
528 52800.00 -30.59614
529 52900.00 -30.92521
530 53000.00 -30.98586
531 53100.00 -30.78874
532 53200.00 -30.34803
533 53300.00 -29.68047
534 53400.00 -28.80445
535 53500.00 -27.73912
536 53600.00 -26.50376
537 53700.00 -25.11722
538 53800.00 -23.59753
539 53900.00 -21.96165
540 54000.00 -20.22537
541 54100.00 -18.40316
542 54200.00 -16.50825
543 54300.00 -14.55262
544 54400.00 -12.54708
545 54500.00 -10.50136
546 54600.00 -8.42416
547 54700.00 -6.32329
548 54800.00 -4.20572
549 54900.00 -2.07769
550 55000.00 0.05523
551 55100.00 2.18808
552 55200.00 4.31641
553 55300.00 6.43623
554 55400.00 8.54400
555 55500.00 10.63652
556 55600.00 12.71093
557 55700.00 14.76467
558 55800.00 16.79542
559 55900.00 18.80110
560 56000.00 20.77983
561 56100.00 22.72991
562 56200.00 24.64981
563 56300.00 26.53812
564 56400.00 28.39358
565 56500.00 30.21503
566 56600.00 32.00141
567 56700.00 33.75175
568 56800.00 35.46516
569 56900.00 37.14082
570 57000.00 38.77796
571 57100.00 40.37589
572 57200.00 41.93394
573 57300.00 43.45151
574 57400.00 44.92802
575 57500.00 46.36292
576 57600.00 47.75571
577 57700.00 49.10589
578 57800.00 50.41300
579 57900.00 51.67660
580 58000.00 52.89624
581 58100.00 54.07153
582 58200.00 55.20205
583 58300.00 56.28741
584 58400.00 57.32722
585 58500.00 58.32110
586 58600.00 59.26867
587 58700.00 60.16957
588 58800.00 61.02340
589 58900.00 61.82982
590 59000.00 62.58843
591 59100.00 63.29886
592 59200.00 63.96073
593 59300.00 64.57367
594 59400.00 65.13728
595 59500.00 65.65116
596 59600.00 66.11492
597 59700.00 66.52815
598 59800.00 66.89042
599 59900.00 67.20132
600 60000.00 67.46040
601 60100.00 67.66722
602 60200.00 67.82133
603 60300.00 67.92225
604 60400.00 67.96950
605 60500.00 67.96260
606 60600.00 67.90103
607 60700.00 67.78427
608 60800.00 67.61180
609 60900.00 67.38307
610 61000.00 67.09751
611 61100.00 66.75456
612 61200.00 66.35361
613 61300.00 65.89407
614 61400.00 65.37532
615 61500.00 64.79672
616 61600.00 64.15763
617 61700.00 63.45739
618 61800.00 62.69533
619 61900.00 61.87076
620 62000.00 60.98298
621 62100.00 60.03131
622 62200.00 59.01502
623 62300.00 57.93340
624 62400.00 56.78574
625 62500.00 55.57133
626 62600.00 54.28946
627 62700.00 52.93943
628 62800.00 51.52059
629 62900.00 50.03227
630 63000.00 48.47387
631 63100.00 46.84482
632 63200.00 45.14462
633 63300.00 43.37285
634 63400.00 41.52915
635 63500.00 39.61332
636 63600.00 37.62529
637 63700.00 35.56515
638 63800.00 33.43320
639 63900.00 31.23003
640 64000.00 28.95649
641 64100.00 26.61383
642 64200.00 24.20372
643 64300.00 21.72838
644 64400.00 19.19062
645 64500.00 16.59401
646 64600.00 13.94297
647 64700.00 11.24294
648 64800.00 8.50054
649 64900.00 5.72374
650 65000.00 2.92207
651 65100.00 0.10682
652 65200.00 -2.70880
653 65300.00 -5.50945
654 65400.00 -8.27757
655 65500.00 -10.99331
656 65600.00 -13.63463
657 65700.00 -16.17753
658 65800.00 -18.59646
659 65900.00 -20.86498
660 66000.00 -22.95662
661 66100.00 -24.84595
662 66200.00 -26.50977
663 66300.00 -27.92822
664 66400.00 -29.08592
665 66500.00 -29.97261
666 66600.00 -30.58365
667 66700.00 -30.91997
668 66800.00 -30.98764
669 66900.00 -30.79721
670 67000.00 -30.36277
671 67100.00 -29.70101
672 67200.00 -28.83028
673 67300.00 -27.76974
674 67400.00 -26.53866
675 67500.00 -25.15590
676 67600.00 -23.63953
677 67700.00 -22.00653
678 67800.00 -20.27272
679 67900.00 -18.45263
680 68000.00 -16.55949
681 68100.00 -14.60533
682 68200.00 -12.60099
683 68300.00 -10.55622
684 68400.00 -8.47975
685 68500.00 -6.37942
686 68600.00 -4.26221
687 68700.00 -2.13439
688 68800.00 -0.00152
689 68900.00 2.13139
690 69000.00 4.25989
691 69100.00 6.37999
692 69200.00 8.48812
693 69300.00 10.58108
694 69400.00 12.65601
695 69500.00 14.71033
696 69600.00 16.74172
697 69700.00 18.74809
698 69800.00 20.72756
699 69900.00 22.67842
